# JRE version: OpenJDK Runtime Environment Temurin-21.0.5+11 (21.0.5+11) (build 21.0.5+11-LTS)
# Java VM: OpenJDK 64-Bit Server VM Temurin-21.0.5+11 (21.0.5+11-LTS, mixed mode, tiered, compressed oops, compressed class ptrs, g1 gc, windows-amd64)
GC Precious Log:
 CardTable entry size: 512
 Card Set container configuration: InlinePtr #cards 4 size 8 Array Of Cards #cards 16 size 48 Howl #buckets 8 coarsen threshold 3686 Howl Bitmap #cards 512 size 80 coarsen threshold 460 Card regions per heap region 1 cards per card region 4096
 CPUs: 18 total, 18 available
 Memory: 16053M
 Large Page Support: Disabled
 NUMA Support: Disabled
 Compressed Oops: Enabled (Zero based)
 Heap Region Size: 2M
 Heap Min Capacity: 8M
 Heap Initial Capacity: 252M
 Heap Max Capacity: 4014M
 Pre-touch: Disabled
 Parallel Workers: 14
 Concurrent Workers: 4
 Concurrent Refinement Workers: 14
 Periodic GC: Disabled
Heap:
 garbage-first heap   total 296960K, used 216663K [0x0000000705200000, 0x0000000800000000)
  region size 2048K, 5 young (10240K), 5 survivors (10240K)
 Metaspace       used 48697K, committed 49216K, reserved 1114112K
  class space    used 4664K, committed 4928K, reserved 1048576K
GC Heap History (20 events):
Event: 32.739 GC heap after
{Heap after GC invocations=28 (full 0):
 garbage-first heap   total 188416K, used 112640K [0x0000000705200000, 0x0000000800000000)
  region size 2048K, 4 young (8192K), 4 survivors (8192K)
 Metaspace       used 47071K, committed 47552K, reserved 1114112K
  class space    used 4569K, committed 4800K, reserved 1048576K
}
Event: 32.817 GC heap before
{Heap before GC invocations=28 (full 0):
 garbage-first heap   total 188416K, used 155648K [0x0000000705200000, 0x0000000800000000)
  region size 2048K, 25 young (51200K), 4 survivors (8192K)
 Metaspace       used 47138K, committed 47616K, reserved 1114112K
  class space    used 4569K, committed 4800K, reserved 1048576K
}
Event: 32.830 GC heap after
{Heap after GC invocations=29 (full 0):
 garbage-first heap   total 188416K, used 130712K [0x0000000705200000, 0x0000000800000000)
  region size 2048K, 4 young (8192K), 4 survivors (8192K)
 Metaspace       used 47138K, committed 47616K, reserved 1114112K
  class space    used 4569K, committed 4800K, reserved 1048576K
}
Event: 34.415 GC heap before
{Heap before GC invocations=29 (full 0):
 garbage-first heap   total 188416K, used 157336K [0x0000000705200000, 0x0000000800000000)
  region size 2048K, 17 young (34816K), 4 survivors (8192K)
 Metaspace       used 47157K, committed 47616K, reserved 1114112K
  class space    used 4569K, committed 4800K, reserved 1048576K
}
Event: 34.419 GC heap after
{Heap after GC invocations=30 (full 0):
 garbage-first heap   total 292864K, used 133668K [0x0000000705200000, 0x0000000800000000)
  region size 2048K, 1 young (2048K), 1 survivors (2048K)
 Metaspace       used 47157K, committed 47616K, reserved 1114112K
  class space    used 4569K, committed 4800K, reserved 1048576K
}
Event: 38.029 GC heap before
{Heap before GC invocations=31 (full 0):
 garbage-first heap   total 292864K, used 209444K [0x0000000705200000, 0x0000000800000000)
  region size 2048K, 47 young (96256K), 1 survivors (2048K)
 Metaspace       used 47208K, committed 47680K, reserved 1114112K
  class space    used 4564K, committed 4800K, reserved 1048576K
}
Event: 38.033 GC heap after
{Heap after GC invocations=32 (full 0):
 garbage-first heap   total 292864K, used 124619K [0x0000000705200000, 0x0000000800000000)
  region size 2048K, 5 young (10240K), 5 survivors (10240K)
 Metaspace       used 47208K, committed 47680K, reserved 1114112K
  class space    used 4564K, committed 4800K, reserved 1048576K
}
Event: 38.249 GC heap before
{Heap before GC invocations=32 (full 0):
 garbage-first heap   total 292864K, used 249547K [0x0000000705200000, 0x0000000800000000)
  region size 2048K, 61 young (124928K), 5 survivors (10240K)
 Metaspace       used 47505K, committed 47936K, reserved 1114112K
  class space    used 4571K, committed 4800K, reserved 1048576K
}
Event: 38.258 GC heap after
{Heap after GC invocations=33 (full 0):
 garbage-first heap   total 292864K, used 127247K [0x0000000705200000, 0x0000000800000000)
  region size 2048K, 8 young (16384K), 8 survivors (16384K)
 Metaspace       used 47505K, committed 47936K, reserved 1114112K
  class space    used 4571K, committed 4800K, reserved 1048576K
}
Event: 38.442 GC heap before
{Heap before GC invocations=33 (full 0):
 garbage-first heap   total 292864K, used 227599K [0x0000000705200000, 0x0000000800000000)
  region size 2048K, 57 young (116736K), 8 survivors (16384K)
 Metaspace       used 47697K, committed 48128K, reserved 1114112K
  class space    used 4575K, committed 4800K, reserved 1048576K
}
Event: 38.455 GC heap after
{Heap after GC invocations=34 (full 0):
 garbage-first heap   total 292864K, used 146870K [0x0000000705200000, 0x0000000800000000)
  region size 2048K, 8 young (16384K), 8 survivors (16384K)
 Metaspace       used 47697K, committed 48128K, reserved 1114112K
  class space    used 4575K, committed 4800K, reserved 1048576K
}
Event: 38.744 GC heap before
{Heap before GC invocations=35 (full 0):
 garbage-first heap   total 292864K, used 241078K [0x0000000705200000, 0x0000000800000000)
  region size 2048K, 54 young (110592K), 8 survivors (16384K)
 Metaspace       used 48227K, committed 48704K, reserved 1114112K
  class space    used 4629K, committed 4864K, reserved 1048576K
}
Event: 38.752 GC heap after
{Heap after GC invocations=36 (full 0):
 garbage-first heap   total 292864K, used 153536K [0x0000000705200000, 0x0000000800000000)
  region size 2048K, 3 young (6144K), 3 survivors (6144K)
 Metaspace       used 48227K, committed 48704K, reserved 1114112K
  class space    used 4629K, committed 4864K, reserved 1048576K
}
Event: 39.265 GC heap before
{Heap before GC invocations=36 (full 0):
 garbage-first heap   total 292864K, used 247744K [0x0000000705200000, 0x0000000800000000)
  region size 2048K, 49 young (100352K), 3 survivors (6144K)
 Metaspace       used 48448K, committed 48896K, reserved 1114112K
  class space    used 4644K, committed 4864K, reserved 1048576K
}
Event: 39.275 GC heap after
{Heap after GC invocations=37 (full 0):
 garbage-first heap   total 292864K, used 162833K [0x0000000705200000, 0x0000000800000000)
  region size 2048K, 7 young (14336K), 7 survivors (14336K)
 Metaspace       used 48448K, committed 48896K, reserved 1114112K
  class space    used 4644K, committed 4864K, reserved 1048576K
}
Event: 44.883 GC heap before
{Heap before GC invocations=37 (full 0):
 garbage-first heap   total 292864K, used 250897K [0x0000000705200000, 0x0000000800000000)
  region size 2048K, 50 young (102400K), 7 survivors (14336K)
 Metaspace       used 48578K, committed 49088K, reserved 1114112K
  class space    used 4659K, committed 4928K, reserved 1048576K
}
Event: 44.893 GC heap after
{Heap after GC invocations=38 (full 0):
 garbage-first heap   total 292864K, used 177077K [0x0000000705200000, 0x0000000800000000)
  region size 2048K, 7 young (14336K), 7 survivors (14336K)
 Metaspace       used 48578K, committed 49088K, reserved 1114112K
  class space    used 4659K, committed 4928K, reserved 1048576K
}
Event: 45.220 GC heap before
{Heap before GC invocations=39 (full 0):
 garbage-first heap   total 296960K, used 252853K [0x0000000705200000, 0x0000000800000000)
  region size 2048K, 44 young (90112K), 7 survivors (14336K)
 Metaspace       used 48660K, committed 49216K, reserved 1114112K
  class space    used 4664K, committed 4928K, reserved 1048576K
}
Event: 45.229 GC heap after
{Heap after GC invocations=40 (full 0):
 garbage-first heap   total 296960K, used 199859K [0x0000000705200000, 0x0000000800000000)
  region size 2048K, 6 young (12288K), 6 survivors (12288K)
 Metaspace       used 48660K, committed 49216K, reserved 1114112K
  class space    used 4664K, committed 4928K, reserved 1048576K
}
Event: 47.747 GC heap before
{Heap before GC invocations=40 (full 0):
 garbage-first heap   total 296960K, used 255155K [0x0000000705200000, 0x0000000800000000)
  region size 2048K, 33 young (67584K), 6 survivors (12288K)
 Metaspace       used 48697K, committed 49216K, reserved 1114112K
  class space    used 4664K, committed 4928K, reserved 1048576K
}

