# JRE version: OpenJDK Runtime Environment Temurin-21.0.5+11 (21.0.5+11) (build 21.0.5+11-LTS)
# Java VM: OpenJDK 64-Bit Server VM Temurin-21.0.5+11 (21.0.5+11-LTS, mixed mode, tiered, compressed oops, compressed class ptrs, g1 gc, windows-amd64)
GC Precious Log:
 CardTable entry size: 512
 Card Set container configuration: InlinePtr #cards 4 size 8 Array Of Cards #cards 16 size 48 Howl #buckets 8 coarsen threshold 3686 Howl Bitmap #cards 512 size 80 coarsen threshold 460 Card regions per heap region 1 cards per card region 4096
 CPUs: 18 total, 18 available
 Memory: 16053M
 Large Page Support: Disabled
 NUMA Support: Disabled
 Compressed Oops: Enabled (Zero based)
 Heap Region Size: 2M
 Heap Min Capacity: 8M
 Heap Initial Capacity: 252M
 Heap Max Capacity: 4014M
 Pre-touch: Disabled
 Parallel Workers: 14
 Concurrent Workers: 4
 Concurrent Refinement Workers: 14
 Periodic GC: Disabled
Heap:
 garbage-first heap   total 438272K, used 272632K [0x0000000705200000, 0x0000000800000000)
  region size 2048K, 46 young (94208K), 9 survivors (18432K)
 Metaspace       used 48600K, committed 49152K, reserved 1114112K
  class space    used 4629K, committed 4928K, reserved 1048576K
GC Heap History (20 events):
Event: 36.012 GC heap before
{Heap before GC invocations=33 (full 0):
 garbage-first heap   total 198656K, used 140569K [0x0000000705200000, 0x0000000800000000)
  region size 2048K, 20 young (40960K), 1 survivors (2048K)
 Metaspace       used 47217K, committed 47680K, reserved 1114112K
  class space    used 4568K, committed 4800K, reserved 1048576K
}
Event: 36.016 GC heap after
{Heap after GC invocations=34 (full 0):
 garbage-first heap   total 198656K, used 116861K [0x0000000705200000, 0x0000000800000000)
  region size 2048K, 4 young (8192K), 4 survivors (8192K)
 Metaspace       used 47217K, committed 47680K, reserved 1114112K
  class space    used 4568K, committed 4800K, reserved 1048576K
}
Event: 36.113 GC heap before
{Heap before GC invocations=35 (full 0):
 garbage-first heap   total 204800K, used 172157K [0x0000000705200000, 0x0000000800000000)
  region size 2048K, 28 young (57344K), 4 survivors (8192K)
 Metaspace       used 47279K, committed 47680K, reserved 1114112K
  class space    used 4569K, committed 4800K, reserved 1048576K
}
Event: 36.123 GC heap after
{Heap after GC invocations=36 (full 0):
 garbage-first heap   total 204800K, used 133196K [0x0000000705200000, 0x0000000800000000)
  region size 2048K, 4 young (8192K), 4 survivors (8192K)
 Metaspace       used 47279K, committed 47680K, reserved 1114112K
  class space    used 4569K, committed 4800K, reserved 1048576K
}
Event: 36.210 GC heap before
{Heap before GC invocations=36 (full 0):
 garbage-first heap   total 204800K, used 174156K [0x0000000705200000, 0x0000000800000000)
  region size 2048K, 24 young (49152K), 4 survivors (8192K)
 Metaspace       used 47444K, committed 47872K, reserved 1114112K
  class space    used 4572K, committed 4800K, reserved 1048576K
}
Event: 36.217 GC heap after
{Heap after GC invocations=37 (full 0):
 garbage-first heap   total 204800K, used 122577K [0x0000000705200000, 0x0000000800000000)
  region size 2048K, 2 young (4096K), 2 survivors (4096K)
 Metaspace       used 47444K, committed 47872K, reserved 1114112K
  class space    used 4572K, committed 4800K, reserved 1048576K
}
Event: 36.284 GC heap before
{Heap before GC invocations=37 (full 0):
 garbage-first heap   total 204800K, used 173777K [0x0000000705200000, 0x0000000800000000)
  region size 2048K, 27 young (55296K), 2 survivors (4096K)
 Metaspace       used 47520K, committed 47936K, reserved 1114112K
  class space    used 4573K, committed 4800K, reserved 1048576K
}
Event: 36.291 GC heap after
{Heap after GC invocations=38 (full 0):
 garbage-first heap   total 204800K, used 130851K [0x0000000705200000, 0x0000000800000000)
  region size 2048K, 4 young (8192K), 4 survivors (8192K)
 Metaspace       used 47520K, committed 47936K, reserved 1114112K
  class space    used 4573K, committed 4800K, reserved 1048576K
}
Event: 36.394 GC heap before
{Heap before GC invocations=39 (full 0):
 garbage-first heap   total 219136K, used 177955K [0x0000000705200000, 0x0000000800000000)
  region size 2048K, 27 young (55296K), 4 survivors (8192K)
 Metaspace       used 47635K, committed 48064K, reserved 1114112K
  class space    used 4574K, committed 4800K, reserved 1048576K
}
Event: 36.402 GC heap after
{Heap after GC invocations=40 (full 0):
 garbage-first heap   total 219136K, used 140585K [0x0000000705200000, 0x0000000800000000)
  region size 2048K, 4 young (8192K), 4 survivors (8192K)
 Metaspace       used 47635K, committed 48064K, reserved 1114112K
  class space    used 4574K, committed 4800K, reserved 1048576K
}
Event: 36.525 GC heap before
{Heap before GC invocations=40 (full 0):
 garbage-first heap   total 219136K, used 189737K [0x0000000705200000, 0x0000000800000000)
  region size 2048K, 28 young (57344K), 4 survivors (8192K)
 Metaspace       used 47739K, committed 48128K, reserved 1114112K
  class space    used 4579K, committed 4800K, reserved 1048576K
}
Event: 36.533 GC heap after
{Heap after GC invocations=41 (full 0):
 garbage-first heap   total 438272K, used 143238K [0x0000000705200000, 0x0000000800000000)
  region size 2048K, 2 young (4096K), 2 survivors (4096K)
 Metaspace       used 47739K, committed 48128K, reserved 1114112K
  class space    used 4579K, committed 4800K, reserved 1048576K
}
Event: 42.940 GC heap before
{Heap before GC invocations=41 (full 0):
 garbage-first heap   total 438272K, used 341894K [0x0000000705200000, 0x0000000800000000)
  region size 2048K, 100 young (204800K), 2 survivors (4096K)
 Metaspace       used 48525K, committed 49024K, reserved 1114112K
  class space    used 4657K, committed 4928K, reserved 1048576K
}
Event: 42.953 GC heap after
{Heap after GC invocations=42 (full 0):
 garbage-first heap   total 438272K, used 158820K [0x0000000705200000, 0x0000000800000000)
  region size 2048K, 10 young (20480K), 10 survivors (20480K)
 Metaspace       used 48525K, committed 49024K, reserved 1114112K
  class space    used 4657K, committed 4928K, reserved 1048576K
}
Event: 47.471 GC heap before
{Heap before GC invocations=42 (full 0):
 garbage-first heap   total 438272K, used 375908K [0x0000000705200000, 0x0000000800000000)
  region size 2048K, 116 young (237568K), 10 survivors (20480K)
 Metaspace       used 48677K, committed 49216K, reserved 1114112K
  class space    used 4666K, committed 4928K, reserved 1048576K
}
Event: 47.483 GC heap after
{Heap after GC invocations=43 (full 0):
 garbage-first heap   total 438272K, used 184836K [0x0000000705200000, 0x0000000800000000)
  region size 2048K, 15 young (30720K), 15 survivors (30720K)
 Metaspace       used 48677K, committed 49216K, reserved 1114112K
  class space    used 4666K, committed 4928K, reserved 1048576K
}
Event: 49.271 GC heap before
{Heap before GC invocations=43 (full 0):
 garbage-first heap   total 438272K, used 363012K [0x0000000705200000, 0x0000000800000000)
  region size 2048K, 102 young (208896K), 15 survivors (30720K)
 Metaspace       used 48770K, committed 49280K, reserved 1114112K
  class space    used 4667K, committed 4928K, reserved 1048576K
}
Event: 49.285 GC heap after
{Heap after GC invocations=44 (full 0):
 garbage-first heap   total 438272K, used 214550K [0x0000000705200000, 0x0000000800000000)
  region size 2048K, 13 young (26624K), 13 survivors (26624K)
 Metaspace       used 48770K, committed 49280K, reserved 1114112K
  class space    used 4667K, committed 4928K, reserved 1048576K
}
Event: 49.531 GC heap before
{Heap before GC invocations=45 (full 0):
 garbage-first heap   total 438272K, used 329238K [0x0000000705200000, 0x0000000800000000)
  region size 2048K, 86 young (176128K), 13 survivors (26624K)
 Metaspace       used 48589K, committed 49152K, reserved 1114112K
  class space    used 4629K, committed 4928K, reserved 1048576K
}
Event: 49.544 GC heap after
{Heap after GC invocations=46 (full 0):
 garbage-first heap   total 438272K, used 198904K [0x0000000705200000, 0x0000000800000000)
  region size 2048K, 9 young (18432K), 9 survivors (18432K)
 Metaspace       used 48589K, committed 49152K, reserved 1114112K
  class space    used 4629K, committed 4928K, reserved 1048576K
}

