# JRE version: OpenJDK Runtime Environment Temurin-21.0.5+11 (21.0.5+11) (build 21.0.5+11-LTS)
# Java VM: OpenJDK 64-Bit Server VM Temurin-21.0.5+11 (21.0.5+11-LTS, mixed mode, tiered, compressed oops, compressed class ptrs, g1 gc, windows-amd64)
GC Precious Log:
 CardTable entry size: 512
 Card Set container configuration: InlinePtr #cards 4 size 8 Array Of Cards #cards 16 size 48 Howl #buckets 8 coarsen threshold 3686 Howl Bitmap #cards 512 size 80 coarsen threshold 460 Card regions per heap region 1 cards per card region 4096
 CPUs: 18 total, 18 available
 Memory: 16053M
 Large Page Support: Disabled
 NUMA Support: Disabled
 Compressed Oops: Enabled (Zero based)
 Heap Region Size: 2M
 Heap Min Capacity: 8M
 Heap Initial Capacity: 252M
 Heap Max Capacity: 4014M
 Pre-touch: Disabled
 Parallel Workers: 14
 Concurrent Workers: 4
 Concurrent Refinement Workers: 14
 Periodic GC: Disabled
Heap:
 garbage-first heap   total 331776K, used 160347K [0x0000000705200000, 0x0000000800000000)
  region size 2048K, 2 young (4096K), 2 survivors (4096K)
 Metaspace       used 48519K, committed 49024K, reserved 1114112K
  class space    used 4623K, committed 4864K, reserved 1048576K
GC Heap History (20 events):
Event: 36.852 GC heap after
{Heap after GC invocations=38 (full 0):
 garbage-first heap   total 208896K, used 135168K [0x0000000705200000, 0x0000000800000000)
  region size 2048K, 4 young (8192K), 4 survivors (8192K)
 Metaspace       used 47433K, committed 47872K, reserved 1114112K
  class space    used 4568K, committed 4800K, reserved 1048576K
}
Event: 36.935 GC heap before
{Heap before GC invocations=38 (full 0):
 garbage-first heap   total 208896K, used 182272K [0x0000000705200000, 0x0000000800000000)
  region size 2048K, 27 young (55296K), 4 survivors (8192K)
 Metaspace       used 47556K, committed 48000K, reserved 1114112K
  class space    used 4569K, committed 4800K, reserved 1048576K
}
Event: 36.949 GC heap after
{Heap after GC invocations=39 (full 0):
 garbage-first heap   total 325632K, used 138613K [0x0000000705200000, 0x0000000800000000)
  region size 2048K, 4 young (8192K), 4 survivors (8192K)
 Metaspace       used 47556K, committed 48000K, reserved 1114112K
  class space    used 4569K, committed 4800K, reserved 1048576K
}
Event: 37.368 GC heap before
{Heap before GC invocations=39 (full 0):
 garbage-first heap   total 325632K, used 261493K [0x0000000705200000, 0x0000000800000000)
  region size 2048K, 64 young (131072K), 4 survivors (8192K)
 Metaspace       used 48213K, committed 48704K, reserved 1114112K
  class space    used 4627K, committed 4864K, reserved 1048576K
}
Event: 37.376 GC heap after
{Heap after GC invocations=40 (full 0):
 garbage-first heap   total 325632K, used 144757K [0x0000000705200000, 0x0000000800000000)
  region size 2048K, 7 young (14336K), 7 survivors (14336K)
 Metaspace       used 48213K, committed 48704K, reserved 1114112K
  class space    used 4627K, committed 4864K, reserved 1048576K
}
Event: 43.247 GC heap before
{Heap before GC invocations=40 (full 0):
 garbage-first heap   total 325632K, used 273781K [0x0000000705200000, 0x0000000800000000)
  region size 2048K, 70 young (143360K), 7 survivors (14336K)
 Metaspace       used 48449K, committed 48896K, reserved 1114112K
  class space    used 4651K, committed 4864K, reserved 1048576K
}
Event: 43.255 GC heap after
{Heap after GC invocations=41 (full 0):
 garbage-first heap   total 325632K, used 158391K [0x0000000705200000, 0x0000000800000000)
  region size 2048K, 9 young (18432K), 9 survivors (18432K)
 Metaspace       used 48449K, committed 48896K, reserved 1114112K
  class space    used 4651K, committed 4864K, reserved 1048576K
}
Event: 43.669 GC heap before
{Heap before GC invocations=41 (full 0):
 garbage-first heap   total 325632K, used 277175K [0x0000000705200000, 0x0000000800000000)
  region size 2048K, 67 young (137216K), 9 survivors (18432K)
 Metaspace       used 48561K, committed 48960K, reserved 1114112K
  class space    used 4660K, committed 4864K, reserved 1048576K
}
Event: 43.684 GC heap after
{Heap after GC invocations=42 (full 0):
 garbage-first heap   total 325632K, used 183016K [0x0000000705200000, 0x0000000800000000)
  region size 2048K, 9 young (18432K), 9 survivors (18432K)
 Metaspace       used 48561K, committed 48960K, reserved 1114112K
  class space    used 4660K, committed 4864K, reserved 1048576K
}
Event: 47.770 GC heap before
{Heap before GC invocations=43 (full 0):
 garbage-first heap   total 325632K, used 273128K [0x0000000705200000, 0x0000000800000000)
  region size 2048K, 53 young (108544K), 9 survivors (18432K)
 Metaspace       used 48603K, committed 49088K, reserved 1114112K
  class space    used 4660K, committed 4864K, reserved 1048576K
}
Event: 47.780 GC heap after
{Heap after GC invocations=44 (full 0):
 garbage-first heap   total 325632K, used 204800K [0x0000000705200000, 0x0000000800000000)
  region size 2048K, 7 young (14336K), 7 survivors (14336K)
 Metaspace       used 48603K, committed 49088K, reserved 1114112K
  class space    used 4660K, committed 4864K, reserved 1048576K
}
Event: 49.172 GC heap before
{Heap before GC invocations=44 (full 0):
 garbage-first heap   total 325632K, used 278528K [0x0000000705200000, 0x0000000800000000)
  region size 2048K, 43 young (88064K), 7 survivors (14336K)
 Metaspace       used 48633K, committed 49088K, reserved 1114112K
  class space    used 4660K, committed 4864K, reserved 1048576K
}
Event: 49.182 GC heap after
{Heap after GC invocations=45 (full 0):
 garbage-first heap   total 325632K, used 216023K [0x0000000705200000, 0x0000000800000000)
  region size 2048K, 6 young (12288K), 6 survivors (12288K)
 Metaspace       used 48633K, committed 49088K, reserved 1114112K
  class space    used 4660K, committed 4864K, reserved 1048576K
}
Event: 49.302 GC heap before
{Heap before GC invocations=45 (full 0):
 garbage-first heap   total 325632K, used 283607K [0x0000000705200000, 0x0000000800000000)
  region size 2048K, 39 young (79872K), 6 survivors (12288K)
 Metaspace       used 48670K, committed 49152K, reserved 1114112K
  class space    used 4660K, committed 4864K, reserved 1048576K
}
Event: 49.308 GC heap after
{Heap after GC invocations=46 (full 0):
 garbage-first heap   total 325632K, used 224036K [0x0000000705200000, 0x0000000800000000)
  region size 2048K, 4 young (8192K), 4 survivors (8192K)
 Metaspace       used 48670K, committed 49152K, reserved 1114112K
  class space    used 4660K, committed 4864K, reserved 1048576K
}
Event: 49.484 GC heap before
{Heap before GC invocations=47 (full 0):
 garbage-first heap   total 331776K, used 262948K [0x0000000705200000, 0x0000000800000000)
  region size 2048K, 36 young (73728K), 4 survivors (8192K)
 Metaspace       used 48396K, committed 49024K, reserved 1114112K
  class space    used 4620K, committed 4864K, reserved 1048576K
}
Event: 49.494 GC heap after
{Heap after GC invocations=48 (full 0):
 garbage-first heap   total 331776K, used 212803K [0x0000000705200000, 0x0000000800000000)
  region size 2048K, 5 young (10240K), 5 survivors (10240K)
 Metaspace       used 48396K, committed 49024K, reserved 1114112K
  class space    used 4620K, committed 4864K, reserved 1048576K
}
Event: 49.643 GC heap before
{Heap before GC invocations=48 (full 0):
 garbage-first heap   total 331776K, used 286531K [0x0000000705200000, 0x0000000800000000)
  region size 2048K, 41 young (83968K), 5 survivors (10240K)
 Metaspace       used 48472K, committed 49024K, reserved 1114112K
  class space    used 4620K, committed 4864K, reserved 1048576K
}
Event: 49.654 GC heap after
{Heap after GC invocations=49 (full 0):
 garbage-first heap   total 331776K, used 190876K [0x0000000705200000, 0x0000000800000000)
  region size 2048K, 6 young (12288K), 6 survivors (12288K)
 Metaspace       used 48472K, committed 49024K, reserved 1114112K
  class space    used 4620K, committed 4864K, reserved 1048576K
}
Event: 49.776 GC heap before
{Heap before GC invocations=49 (full 0):
 garbage-first heap   total 331776K, used 276892K [0x0000000705200000, 0x0000000800000000)
  region size 2048K, 48 young (98304K), 6 survivors (12288K)
 Metaspace       used 48519K, committed 49024K, reserved 1114112K
  class space    used 4623K, committed 4864K, reserved 1048576K
}

