# JRE version: OpenJDK Runtime Environment Temurin-21.0.5+11 (21.0.5+11) (build 21.0.5+11-LTS)
# Java VM: OpenJDK 64-Bit Server VM Temurin-21.0.5+11 (21.0.5+11-LTS, mixed mode, tiered, compressed oops, compressed class ptrs, g1 gc, windows-amd64)
GC Precious Log:
 CardTable entry size: 512
 Card Set container configuration: InlinePtr #cards 4 size 8 Array Of Cards #cards 16 size 48 Howl #buckets 8 coarsen threshold 3686 Howl Bitmap #cards 512 size 80 coarsen threshold 460 Card regions per heap region 1 cards per card region 4096
 CPUs: 18 total, 18 available
 Memory: 16053M
 Large Page Support: Disabled
 NUMA Support: Disabled
 Compressed Oops: Enabled (Zero based)
 Heap Region Size: 2M
 Heap Min Capacity: 8M
 Heap Initial Capacity: 252M
 Heap Max Capacity: 4014M
 Pre-touch: Disabled
 Parallel Workers: 14
 Concurrent Workers: 4
 Concurrent Refinement Workers: 14
 Periodic GC: Disabled
Heap:
 garbage-first heap   total 184320K, used 110592K [0x0000000705200000, 0x0000000800000000)
  region size 2048K, 4 young (8192K), 3 survivors (6144K)
 Metaspace       used 46774K, committed 47232K, reserved 1114112K
  class space    used 4511K, committed 4736K, reserved 1048576K
GC Heap History (20 events):
Event: 16.621 GC heap before
{Heap before GC invocations=22 (full 0):
 garbage-first heap   total 143360K, used 114688K [0x0000000705200000, 0x0000000800000000)
  region size 2048K, 18 young (36864K), 3 survivors (6144K)
 Metaspace       used 44700K, committed 45120K, reserved 1114112K
  class space    used 4459K, committed 4672K, reserved 1048576K
}
Event: 16.626 GC heap after
{Heap after GC invocations=23 (full 0):
 garbage-first heap   total 143360K, used 91253K [0x0000000705200000, 0x0000000800000000)
  region size 2048K, 3 young (6144K), 3 survivors (6144K)
 Metaspace       used 44700K, committed 45120K, reserved 1114112K
  class space    used 4459K, committed 4672K, reserved 1048576K
}
Event: 16.863 GC heap before
{Heap before GC invocations=23 (full 0):
 garbage-first heap   total 143360K, used 119925K [0x0000000705200000, 0x0000000800000000)
  region size 2048K, 17 young (34816K), 3 survivors (6144K)
 Metaspace       used 44935K, committed 45376K, reserved 1114112K
  class space    used 4464K, committed 4672K, reserved 1048576K
}
Event: 16.868 GC heap after
{Heap after GC invocations=24 (full 0):
 garbage-first heap   total 143360K, used 81490K [0x0000000705200000, 0x0000000800000000)
  region size 2048K, 1 young (2048K), 1 survivors (2048K)
 Metaspace       used 44935K, committed 45376K, reserved 1114112K
  class space    used 4464K, committed 4672K, reserved 1048576K
}
Event: 17.140 GC heap before
{Heap before GC invocations=24 (full 0):
 garbage-first heap   total 143360K, used 118354K [0x0000000705200000, 0x0000000800000000)
  region size 2048K, 20 young (40960K), 1 survivors (2048K)
 Metaspace       used 45135K, committed 45568K, reserved 1114112K
  class space    used 4471K, committed 4672K, reserved 1048576K
}
Event: 17.144 GC heap after
{Heap after GC invocations=25 (full 0):
 garbage-first heap   total 143360K, used 79265K [0x0000000705200000, 0x0000000800000000)
  region size 2048K, 3 young (6144K), 3 survivors (6144K)
 Metaspace       used 45135K, committed 45568K, reserved 1114112K
  class space    used 4471K, committed 4672K, reserved 1048576K
}
Event: 17.401 GC heap before
{Heap before GC invocations=25 (full 0):
 garbage-first heap   total 143360K, used 118177K [0x0000000705200000, 0x0000000800000000)
  region size 2048K, 23 young (47104K), 3 survivors (6144K)
 Metaspace       used 45368K, committed 45760K, reserved 1114112K
  class space    used 4476K, committed 4672K, reserved 1048576K
}
Event: 17.404 GC heap after
{Heap after GC invocations=26 (full 0):
 garbage-first heap   total 172032K, used 82443K [0x0000000705200000, 0x0000000800000000)
  region size 2048K, 3 young (6144K), 3 survivors (6144K)
 Metaspace       used 45368K, committed 45760K, reserved 1114112K
  class space    used 4476K, committed 4672K, reserved 1048576K
}
Event: 21.159 GC heap before
{Heap before GC invocations=27 (full 0):
 garbage-first heap   total 172032K, used 139787K [0x0000000705200000, 0x0000000800000000)
  region size 2048K, 32 young (65536K), 3 survivors (6144K)
 Metaspace       used 45486K, committed 45888K, reserved 1114112K
  class space    used 4467K, committed 4672K, reserved 1048576K
}
Event: 21.167 GC heap after
{Heap after GC invocations=28 (full 0):
 garbage-first heap   total 172032K, used 97574K [0x0000000705200000, 0x0000000800000000)
  region size 2048K, 4 young (8192K), 4 survivors (8192K)
 Metaspace       used 45486K, committed 45888K, reserved 1114112K
  class space    used 4467K, committed 4672K, reserved 1048576K
}
Event: 21.447 GC heap before
{Heap before GC invocations=28 (full 0):
 garbage-first heap   total 172032K, used 140582K [0x0000000705200000, 0x0000000800000000)
  region size 2048K, 26 young (53248K), 4 survivors (8192K)
 Metaspace       used 46101K, committed 46464K, reserved 1114112K
  class space    used 4490K, committed 4672K, reserved 1048576K
}
Event: 21.458 GC heap after
{Heap after GC invocations=29 (full 0):
 garbage-first heap   total 172032K, used 102321K [0x0000000705200000, 0x0000000800000000)
  region size 2048K, 4 young (8192K), 4 survivors (8192K)
 Metaspace       used 46101K, committed 46464K, reserved 1114112K
  class space    used 4490K, committed 4672K, reserved 1048576K
}
Event: 25.398 GC heap before
{Heap before GC invocations=29 (full 0):
 garbage-first heap   total 172032K, used 143281K [0x0000000705200000, 0x0000000800000000)
  region size 2048K, 24 young (49152K), 4 survivors (8192K)
 Metaspace       used 46162K, committed 46592K, reserved 1114112K
  class space    used 4490K, committed 4672K, reserved 1048576K
}
Event: 25.403 GC heap after
{Heap after GC invocations=30 (full 0):
 garbage-first heap   total 172032K, used 110533K [0x0000000705200000, 0x0000000800000000)
  region size 2048K, 3 young (6144K), 3 survivors (6144K)
 Metaspace       used 46162K, committed 46592K, reserved 1114112K
  class space    used 4490K, committed 4672K, reserved 1048576K
}
Event: 26.895 GC heap before
{Heap before GC invocations=31 (full 0):
 garbage-first heap   total 182272K, used 143301K [0x0000000705200000, 0x0000000800000000)
  region size 2048K, 21 young (43008K), 3 survivors (6144K)
 Metaspace       used 46400K, committed 46784K, reserved 1114112K
  class space    used 4505K, committed 4672K, reserved 1048576K
}
Event: 26.901 GC heap after
{Heap after GC invocations=32 (full 0):
 garbage-first heap   total 182272K, used 119427K [0x0000000705200000, 0x0000000800000000)
  region size 2048K, 3 young (6144K), 3 survivors (6144K)
 Metaspace       used 46400K, committed 46784K, reserved 1114112K
  class space    used 4505K, committed 4672K, reserved 1048576K
}
Event: 29.342 GC heap before
{Heap before GC invocations=32 (full 0):
 garbage-first heap   total 182272K, used 152195K [0x0000000705200000, 0x0000000800000000)
  region size 2048K, 20 young (40960K), 3 survivors (6144K)
 Metaspace       used 46601K, committed 46976K, reserved 1114112K
  class space    used 4509K, committed 4672K, reserved 1048576K
}
Event: 29.347 GC heap after
{Heap after GC invocations=33 (full 0):
 garbage-first heap   total 182272K, used 108544K [0x0000000705200000, 0x0000000800000000)
  region size 2048K, 3 young (6144K), 3 survivors (6144K)
 Metaspace       used 46601K, committed 46976K, reserved 1114112K
  class space    used 4509K, committed 4672K, reserved 1048576K
}
Event: 35.859 GC heap before
{Heap before GC invocations=33 (full 0):
 garbage-first heap   total 182272K, used 149504K [0x0000000705200000, 0x0000000800000000)
  region size 2048K, 24 young (49152K), 3 survivors (6144K)
 Metaspace       used 46632K, committed 46976K, reserved 1114112K
  class space    used 4509K, committed 4672K, reserved 1048576K
}
Event: 35.871 GC heap after
{Heap after GC invocations=34 (full 0):
 garbage-first heap   total 182272K, used 113937K [0x0000000705200000, 0x0000000800000000)
  region size 2048K, 3 young (6144K), 3 survivors (6144K)
 Metaspace       used 46632K, committed 46976K, reserved 1114112K
  class space    used 4509K, committed 4672K, reserved 1048576K
}

