# JRE version: OpenJDK Runtime Environment Temurin-21.0.5+11 (21.0.5+11) (build 21.0.5+11-LTS)
# Java VM: OpenJDK 64-Bit Server VM Temurin-21.0.5+11 (21.0.5+11-LTS, mixed mode, tiered, compressed oops, compressed class ptrs, g1 gc, windows-amd64)
GC Precious Log:
 CardTable entry size: 512
 Card Set container configuration: InlinePtr #cards 4 size 8 Array Of Cards #cards 16 size 48 Howl #buckets 8 coarsen threshold 3686 Howl Bitmap #cards 512 size 80 coarsen threshold 460 Card regions per heap region 1 cards per card region 4096
 CPUs: 18 total, 18 available
 Memory: 16053M
 Large Page Support: Disabled
 NUMA Support: Disabled
 Compressed Oops: Enabled (Zero based)
 Heap Region Size: 2M
 Heap Min Capacity: 8M
 Heap Initial Capacity: 252M
 Heap Max Capacity: 4014M
 Pre-touch: Disabled
 Parallel Workers: 14
 Concurrent Workers: 4
 Concurrent Refinement Workers: 14
 Periodic GC: Disabled
Heap:
 garbage-first heap   total 202752K, used 126976K [0x0000000705200000, 0x0000000800000000)
  region size 2048K, 16 young (32768K), 2 survivors (4096K)
 Metaspace       used 46698K, committed 47168K, reserved 1114112K
  class space    used 4557K, committed 4800K, reserved 1048576K
GC Heap History (20 events):
Event: 10.212 GC heap before
{Heap before GC invocations=17 (full 0):
 garbage-first heap   total 126976K, used 91086K [0x0000000705200000, 0x0000000800000000)
  region size 2048K, 9 young (18432K), 1 survivors (2048K)
 Metaspace       used 43820K, committed 44288K, reserved 1114112K
  class space    used 4435K, committed 4672K, reserved 1048576K
}
Event: 10.217 GC heap after
{Heap after GC invocations=18 (full 0):
 garbage-first heap   total 153600K, used 78816K [0x0000000705200000, 0x0000000800000000)
  region size 2048K, 2 young (4096K), 2 survivors (4096K)
 Metaspace       used 43820K, committed 44288K, reserved 1114112K
  class space    used 4435K, committed 4672K, reserved 1048576K
}
Event: 14.557 GC heap before
{Heap before GC invocations=18 (full 0):
 garbage-first heap   total 153600K, used 123872K [0x0000000705200000, 0x0000000800000000)
  region size 2048K, 25 young (51200K), 2 survivors (4096K)
 Metaspace       used 43990K, committed 44416K, reserved 1114112K
  class space    used 4441K, committed 4672K, reserved 1048576K
}
Event: 14.575 GC heap after
{Heap after GC invocations=19 (full 0):
 garbage-first heap   total 153600K, used 85705K [0x0000000705200000, 0x0000000800000000)
  region size 2048K, 4 young (8192K), 4 survivors (8192K)
 Metaspace       used 43990K, committed 44416K, reserved 1114112K
  class space    used 4441K, committed 4672K, reserved 1048576K
}
Event: 15.070 GC heap before
{Heap before GC invocations=19 (full 0):
 garbage-first heap   total 153600K, used 126665K [0x0000000705200000, 0x0000000800000000)
  region size 2048K, 24 young (49152K), 4 survivors (8192K)
 Metaspace       used 44648K, committed 45056K, reserved 1114112K
  class space    used 4507K, committed 4736K, reserved 1048576K
}
Event: 15.079 GC heap after
{Heap after GC invocations=20 (full 0):
 garbage-first heap   total 153600K, used 92158K [0x0000000705200000, 0x0000000800000000)
  region size 2048K, 3 young (6144K), 3 survivors (6144K)
 Metaspace       used 44648K, committed 45056K, reserved 1114112K
  class space    used 4507K, committed 4736K, reserved 1048576K
}
Event: 15.504 GC heap before
{Heap before GC invocations=21 (full 0):
 garbage-first heap   total 157696K, used 129022K [0x0000000705200000, 0x0000000800000000)
  region size 2048K, 21 young (43008K), 3 survivors (6144K)
 Metaspace       used 44751K, committed 45248K, reserved 1114112K
  class space    used 4511K, committed 4736K, reserved 1048576K
}
Event: 15.509 GC heap after
{Heap after GC invocations=22 (full 0):
 garbage-first heap   total 157696K, used 97291K [0x0000000705200000, 0x0000000800000000)
  region size 2048K, 3 young (6144K), 3 survivors (6144K)
 Metaspace       used 44751K, committed 45248K, reserved 1114112K
  class space    used 4511K, committed 4736K, reserved 1048576K
}
Event: 20.002 GC heap before
{Heap before GC invocations=22 (full 0):
 garbage-first heap   total 157696K, used 132107K [0x0000000705200000, 0x0000000800000000)
  region size 2048K, 21 young (43008K), 3 survivors (6144K)
 Metaspace       used 45147K, committed 45568K, reserved 1114112K
  class space    used 4513K, committed 4736K, reserved 1048576K
}
Event: 20.009 GC heap after
{Heap after GC invocations=23 (full 0):
 garbage-first heap   total 157696K, used 94695K [0x0000000705200000, 0x0000000800000000)
  region size 2048K, 1 young (2048K), 1 survivors (2048K)
 Metaspace       used 45147K, committed 45568K, reserved 1114112K
  class space    used 4513K, committed 4736K, reserved 1048576K
}
Event: 20.385 GC heap before
{Heap before GC invocations=23 (full 0):
 garbage-first heap   total 157696K, used 135655K [0x0000000705200000, 0x0000000800000000)
  region size 2048K, 21 young (43008K), 1 survivors (2048K)
 Metaspace       used 45293K, committed 45696K, reserved 1114112K
  class space    used 4515K, committed 4736K, reserved 1048576K
}
Event: 20.388 GC heap after
{Heap after GC invocations=24 (full 0):
 garbage-first heap   total 157696K, used 99472K [0x0000000705200000, 0x0000000800000000)
  region size 2048K, 3 young (6144K), 3 survivors (6144K)
 Metaspace       used 45293K, committed 45696K, reserved 1114112K
  class space    used 4515K, committed 4736K, reserved 1048576K
}
Event: 20.703 GC heap before
{Heap before GC invocations=25 (full 0):
 garbage-first heap   total 167936K, used 138384K [0x0000000705200000, 0x0000000800000000)
  region size 2048K, 22 young (45056K), 3 survivors (6144K)
 Metaspace       used 45447K, committed 45888K, reserved 1114112K
  class space    used 4513K, committed 4736K, reserved 1048576K
}
Event: 20.715 GC heap after
{Heap after GC invocations=26 (full 0):
 garbage-first heap   total 202752K, used 112368K [0x0000000705200000, 0x0000000800000000)
  region size 2048K, 3 young (6144K), 3 survivors (6144K)
 Metaspace       used 45447K, committed 45888K, reserved 1114112K
  class space    used 4513K, committed 4736K, reserved 1048576K
}
Event: 21.159 GC heap before
{Heap before GC invocations=26 (full 0):
 garbage-first heap   total 202752K, used 163568K [0x0000000705200000, 0x0000000800000000)
  region size 2048K, 28 young (57344K), 3 survivors (6144K)
 Metaspace       used 45642K, committed 46016K, reserved 1114112K
  class space    used 4515K, committed 4736K, reserved 1048576K
}
Event: 21.168 GC heap after
{Heap after GC invocations=27 (full 0):
 garbage-first heap   total 202752K, used 101826K [0x0000000705200000, 0x0000000800000000)
  region size 2048K, 4 young (8192K), 4 survivors (8192K)
 Metaspace       used 45642K, committed 46016K, reserved 1114112K
  class space    used 4515K, committed 4736K, reserved 1048576K
}
Event: 25.303 GC heap before
{Heap before GC invocations=27 (full 0):
 garbage-first heap   total 202752K, used 155074K [0x0000000705200000, 0x0000000800000000)
  region size 2048K, 30 young (61440K), 4 survivors (8192K)
 Metaspace       used 46111K, committed 46528K, reserved 1114112K
  class space    used 4529K, committed 4736K, reserved 1048576K
}
Event: 25.315 GC heap after
{Heap after GC invocations=28 (full 0):
 garbage-first heap   total 202752K, used 95666K [0x0000000705200000, 0x0000000800000000)
  region size 2048K, 4 young (8192K), 4 survivors (8192K)
 Metaspace       used 46111K, committed 46528K, reserved 1114112K
  class space    used 4529K, committed 4736K, reserved 1048576K
}
Event: 31.943 GC heap before
{Heap before GC invocations=28 (full 0):
 garbage-first heap   total 202752K, used 169394K [0x0000000705200000, 0x0000000800000000)
  region size 2048K, 40 young (81920K), 4 survivors (8192K)
 Metaspace       used 46660K, committed 47104K, reserved 1114112K
  class space    used 4557K, committed 4800K, reserved 1048576K
}
Event: 31.948 GC heap after
{Heap after GC invocations=29 (full 0):
 garbage-first heap   total 202752K, used 100352K [0x0000000705200000, 0x0000000800000000)
  region size 2048K, 2 young (4096K), 2 survivors (4096K)
 Metaspace       used 46660K, committed 47104K, reserved 1114112K
  class space    used 4557K, committed 4800K, reserved 1048576K
}

